todo-sync/build/outputs/logs/manifest-merger-debug-report.txt
-- Merging decision tree log ---
manifest
ADDED from sample/todo-sync/AndroidManifest.xml:2:1-37:12
	xmlns:android
		ADDED from sample/todo-sync/AndroidManifest.xml:2:11-69
	package
		ADDED from sample/todo-sync/AndroidManifest.xml:3:5-32
		INJECTED from sample/todo-sync/AndroidManifest.xml
		INJECTED from sample/todo-sync/AndroidManifest.xml
	android:versionName
		ADDED from sample/todo-sync/AndroidManifest.xml:5:5-30
		INJECTED from sample/todo-sync/AndroidManifest.xml
		INJECTED from sample/todo-sync/AndroidManifest.xml
	android:versionCode
		ADDED from sample/todo-sync/AndroidManifest.xml:4:5-28
		INJECTED from sample/todo-sync/AndroidManifest.xml
		INJECTED from sample/todo-sync/AndroidManifest.xml
uses-permission#android.permission.INTERNET
ADDED from sample/todo-sync/AndroidManifest.xml:7:5-67
	android:name
		ADDED from sample/todo-sync/AndroidManifest.xml:7:22-64
uses-permission#android.permission.ACCESS_NETWORK_STATE
ADDED from sample/todo-sync/AndroidManifest.xml:8:5-79
	android:name
		ADDED from sample/todo-sync/AndroidManifest.xml:8:22-76
uses-permission#android.permission.ACCESS_COARSE_LOCATION
ADDED from sample/todo-sync/AndroidManifest.xml:9:5-80
	android:name
		ADDED from sample/todo-sync/AndroidManifest.xml:9:22-78
uses-sdk
ADDED from sample/todo-sync/AndroidManifest.xml:11:5-13:41
	android:targetSdkVersion
		ADDED from sample/todo-sync/AndroidManifest.xml:13:9-38
	android:minSdkVersion
		ADDED from sample/todo-sync/AndroidManifest.xml:12:9-35
		INJECTED from sample/todo-sync/AndroidManifest.xml
		INJECTED from sample/todo-sync/AndroidManifest.xml
application
ADDED from sample/todo-sync/AndroidManifest.xml:15:5-35:19
	android:label
		ADDED from sample/todo-sync/AndroidManifest.xml:18:9-41
	android:allowBackup
		ADDED from sample/todo-sync/AndroidManifest.xml:16:9-35
	android:icon
		ADDED from sample/todo-sync/AndroidManifest.xml:17:9-45
	android:theme
		ADDED from sample/todo-sync/AndroidManifest.xml:19:9-40
activity#com.cloudant.todo.SettingsActivity
ADDED from sample/todo-sync/AndroidManifest.xml:20:9-23:20
	android:label
		ADDED from sample/todo-sync/AndroidManifest.xml:22:13-60
	android:name
		ADDED from sample/todo-sync/AndroidManifest.xml:21:13-62
activity#com.cloudant.todo.TodoActivity
ADDED from sample/todo-sync/AndroidManifest.xml:24:9-34:20
	android:screenOrientation
		ADDED from sample/todo-sync/AndroidManifest.xml:26:13-49
	android:label
		ADDED from sample/todo-sync/AndroidManifest.xml:28:13-45
	android:configChanges
		ADDED from sample/todo-sync/AndroidManifest.xml:25:13-63
	android:name
		ADDED from sample/todo-sync/AndroidManifest.xml:27:13-58
intent-filter#android.intent.action.MAIN+android.intent.category.LAUNCHER
ADDED from sample/todo-sync/AndroidManifest.xml:29:13-33:29
action#android.intent.action.MAIN
ADDED from sample/todo-sync/AndroidManifest.xml:30:17-69
	android:name
		ADDED from sample/todo-sync/AndroidManifest.xml:30:25-66
category#android.intent.category.LAUNCHER
ADDED from sample/todo-sync/AndroidManifest.xml:32:17-77
	android:name
		ADDED from sample/todo-sync/AndroidManifest.xml:32:27-74